# JRE version: OpenJDK Runtime Environment (8.0_152-b02) (build 1.8.0_152-release-1024-b02)
# Java VM: OpenJDK 64-Bit Server VM (25.152-b02 mixed mode windows-amd64 compressed oops)
Heap:
 PSYoungGen      total 108544K, used 40738K [0x00000000e0000000, 0x00000000e7e80000, 0x0000000100000000)
  eden space 89600K, 45% used [0x00000000e0000000,0x00000000e27c8890,0x00000000e5780000)
  from space 18944K, 0% used [0x00000000e6c00000,0x00000000e6c00000,0x00000000e7e80000)
  to   space 19968K, 0% used [0x00000000e5780000,0x00000000e5780000,0x00000000e6b00000)
 ParOldGen       total 91648K, used 33974K [0x00000000a0000000, 0x00000000a5980000, 0x00000000e0000000)
  object space 91648K, 37% used [0x00000000a0000000,0x00000000a212dbd8,0x00000000a5980000)
 Metaspace       used 57651K, capacity 59900K, committed 60248K, reserved 1101824K
  class space    used 7595K, capacity 8195K, committed 8320K, reserved 1048576K
GC Heap History (10 events):
Event: 206.852 GC heap before
{Heap before GC invocations=25 (full 2):
 PSYoungGen      total 77824K, used 68306K [0x00000000e0000000, 0x00000000e5f80000, 0x0000000100000000)
  eden space 59904K, 100% used [0x00000000e0000000,0x00000000e3a80000,0x00000000e3a80000)
  from space 17920K, 46% used [0x00000000e4e00000,0x00000000e56348b0,0x00000000e5f80000)
  to   space 18944K, 0% used [0x00000000e3a80000,0x00000000e3a80000,0x00000000e4d00000)
 ParOldGen       total 58368K, used 27536K [0x00000000a0000000, 0x00000000a3900000, 0x00000000e0000000)
  object space 58368K, 47% used [0x00000000a0000000,0x00000000a1ae4150,0x00000000a3900000)
 Metaspace       used 55808K, capacity 57882K, committed 58072K, reserved 1099776K
  class space    used 7355K, capacity 7852K, committed 7936K, reserved 1048576K
Event: 206.870 GC heap after
Heap after GC invocations=25 (full 2):
 PSYoungGen      total 78848K, used 14821K [0x00000000e0000000, 0x00000000e7200000, 0x0000000100000000)
  eden space 59904K, 0% used [0x00000000e0000000,0x00000000e0000000,0x00000000e3a80000)
  from space 18944K, 78% used [0x00000000e3a80000,0x00000000e48f9550,0x00000000e4d00000)
  to   space 19968K, 0% used [0x00000000e5e80000,0x00000000e5e80000,0x00000000e7200000)
 ParOldGen       total 58368K, used 28572K [0x00000000a0000000, 0x00000000a3900000, 0x00000000e0000000)
  object space 58368K, 48% used [0x00000000a0000000,0x00000000a1be7198,0x00000000a3900000)
 Metaspace       used 55808K, capacity 57882K, committed 58072K, reserved 1099776K
  class space    used 7355K, capacity 7852K, committed 7936K, reserved 1048576K
}
Event: 210.910 GC heap before
{Heap before GC invocations=26 (full 2):
 PSYoungGen      total 78848K, used 74725K [0x00000000e0000000, 0x00000000e7200000, 0x0000000100000000)
  eden space 59904K, 100% used [0x00000000e0000000,0x00000000e3a80000,0x00000000e3a80000)
  from space 18944K, 78% used [0x00000000e3a80000,0x00000000e48f9550,0x00000000e4d00000)
  to   space 19968K, 0% used [0x00000000e5e80000,0x00000000e5e80000,0x00000000e7200000)
 ParOldGen       total 58368K, used 28572K [0x00000000a0000000, 0x00000000a3900000, 0x00000000e0000000)
  object space 58368K, 48% used [0x00000000a0000000,0x00000000a1be7198,0x00000000a3900000)
 Metaspace       used 55846K, capacity 57882K, committed 58072K, reserved 1099776K
  class space    used 7355K, capacity 7852K, committed 7936K, reserved 1048576K
Event: 210.927 GC heap after
Heap after GC invocations=26 (full 2):
 PSYoungGen      total 94720K, used 13027K [0x00000000e0000000, 0x00000000e7100000, 0x0000000100000000)
  eden space 75776K, 0% used [0x00000000e0000000,0x00000000e0000000,0x00000000e4a00000)
  from space 18944K, 68% used [0x00000000e5e80000,0x00000000e6b38f38,0x00000000e7100000)
  to   space 19968K, 0% used [0x00000000e4a00000,0x00000000e4a00000,0x00000000e5d80000)
 ParOldGen       total 58368K, used 28636K [0x00000000a0000000, 0x00000000a3900000, 0x00000000e0000000)
  object space 58368K, 49% used [0x00000000a0000000,0x00000000a1bf7198,0x00000000a3900000)
 Metaspace       used 55846K, capacity 57882K, committed 58072K, reserved 1099776K
  class space    used 7355K, capacity 7852K, committed 7936K, reserved 1048576K
}
Event: 225.740 GC heap before
{Heap before GC invocations=27 (full 2):
 PSYoungGen      total 94720K, used 88803K [0x00000000e0000000, 0x00000000e7100000, 0x0000000100000000)
  eden space 75776K, 100% used [0x00000000e0000000,0x00000000e4a00000,0x00000000e4a00000)
  from space 18944K, 68% used [0x00000000e5e80000,0x00000000e6b38f38,0x00000000e7100000)
  to   space 19968K, 0% used [0x00000000e4a00000,0x00000000e4a00000,0x00000000e5d80000)
 ParOldGen       total 58368K, used 28636K [0x00000000a0000000, 0x00000000a3900000, 0x00000000e0000000)
  object space 58368K, 49% used [0x00000000a0000000,0x00000000a1bf7198,0x00000000a3900000)
 Metaspace       used 56482K, capacity 58620K, committed 58968K, reserved 1099776K
  class space    used 7422K, capacity 7939K, committed 8064K, reserved 1048576K
Event: 225.829 GC heap after
Heap after GC invocations=27 (full 2):
 PSYoungGen      total 95744K, used 6016K [0x00000000e0000000, 0x00000000e7f80000, 0x0000000100000000)
  eden space 75776K, 0% used [0x00000000e0000000,0x00000000e0000000,0x00000000e4a00000)
  from space 19968K, 30% used [0x00000000e4a00000,0x00000000e4fe0010,0x00000000e5d80000)
  to   space 19968K, 0% used [0x00000000e6c00000,0x00000000e6c00000,0x00000000e7f80000)
 ParOldGen       total 58368K, used 35123K [0x00000000a0000000, 0x00000000a3900000, 0x00000000e0000000)
  object space 58368K, 60% used [0x00000000a0000000,0x00000000a224cc80,0x00000000a3900000)
 Metaspace       used 56482K, capacity 58620K, committed 58968K, reserved 1099776K
  class space    used 7422K, capacity 7939K, committed 8064K, reserved 1048576K
}
Event: 229.543 GC heap before
{Heap before GC invocations=28 (full 2):
 PSYoungGen      total 95744K, used 44223K [0x00000000e0000000, 0x00000000e7f80000, 0x0000000100000000)
  eden space 75776K, 50% used [0x00000000e0000000,0x00000000e254fe60,0x00000000e4a00000)
  from space 19968K, 30% used [0x00000000e4a00000,0x00000000e4fe0010,0x00000000e5d80000)
  to   space 19968K, 0% used [0x00000000e6c00000,0x00000000e6c00000,0x00000000e7f80000)
 ParOldGen       total 58368K, used 35123K [0x00000000a0000000, 0x00000000a3900000, 0x00000000e0000000)
  object space 58368K, 60% used [0x00000000a0000000,0x00000000a224cc80,0x00000000a3900000)
 Metaspace       used 56736K, capacity 58874K, committed 59028K, reserved 1099776K
  class space    used 7433K, capacity 7960K, committed 8064K, reserved 1048576K
Event: 229.555 GC heap after
Heap after GC invocations=28 (full 2):
 PSYoungGen      total 108544K, used 4096K [0x00000000e0000000, 0x00000000e7e80000, 0x0000000100000000)
  eden space 89600K, 0% used [0x00000000e0000000,0x00000000e0000000,0x00000000e5780000)
  from space 18944K, 21% used [0x00000000e6c00000,0x00000000e7000000,0x00000000e7e80000)
  to   space 19968K, 0% used [0x00000000e5780000,0x00000000e5780000,0x00000000e6b00000)
 ParOldGen       total 58368K, used 37839K [0x00000000a0000000, 0x00000000a3900000, 0x00000000e0000000)
  object space 58368K, 64% used [0x00000000a0000000,0x00000000a24f3cf0,0x00000000a3900000)
 Metaspace       used 56736K, capacity 58874K, committed 59028K, reserved 1099776K
  class space    used 7433K, capacity 7960K, committed 8064K, reserved 1048576K
}
Event: 229.555 GC heap before
{Heap before GC invocations=29 (full 3):
 PSYoungGen      total 108544K, used 4096K [0x00000000e0000000, 0x00000000e7e80000, 0x0000000100000000)
  eden space 89600K, 0% used [0x00000000e0000000,0x00000000e0000000,0x00000000e5780000)
  from space 18944K, 21% used [0x00000000e6c00000,0x00000000e7000000,0x00000000e7e80000)
  to   space 19968K, 0% used [0x00000000e5780000,0x00000000e5780000,0x00000000e6b00000)
 ParOldGen       total 58368K, used 37839K [0x00000000a0000000, 0x00000000a3900000, 0x00000000e0000000)
  object space 58368K, 64% used [0x00000000a0000000,0x00000000a24f3cf0,0x00000000a3900000)
 Metaspace       used 56736K, capacity 58874K, committed 59028K, reserved 1099776K
  class space    used 7433K, capacity 7960K, committed 8064K, reserved 1048576K
Event: 230.359 GC heap after
Heap after GC invocations=29 (full 3):
 PSYoungGen      total 108544K, used 0K [0x00000000e0000000, 0x00000000e7e80000, 0x0000000100000000)
  eden space 89600K, 0% used [0x00000000e0000000,0x00000000e0000000,0x00000000e5780000)
  from space 18944K, 0% used [0x00000000e6c00000,0x00000000e6c00000,0x00000000e7e80000)
  to   space 19968K, 0% used [0x00000000e5780000,0x00000000e5780000,0x00000000e6b00000)
 ParOldGen       total 91648K, used 33974K [0x00000000a0000000, 0x00000000a5980000, 0x00000000e0000000)
  object space 91648K, 37% used [0x00000000a0000000,0x00000000a212dbd8,0x00000000a5980000)
 Metaspace       used 56736K, capacity 58874K, committed 59028K, reserved 1099776K
  class space    used 7433K, capacity 7960K, committed 8064K, reserved 1048576K
}

