# JRE version: OpenJDK Runtime Environment (8.0_152-b02) (build 1.8.0_152-release-1024-b02)
# Java VM: OpenJDK 64-Bit Server VM (25.152-b02 mixed mode windows-amd64 compressed oops)
Heap:
 PSYoungGen      total 88064K, used 49673K [0x00000000e0000000, 0x00000000e7d80000, 0x0000000100000000)
  eden space 79360K, 62% used [0x00000000e0000000,0x00000000e30824f0,0x00000000e4d80000)
  from space 8704K, 0% used [0x00000000e4d80000,0x00000000e4d80000,0x00000000e5600000)
  to   space 10752K, 0% used [0x00000000e7300000,0x00000000e7300000,0x00000000e7d80000)
 ParOldGen       total 45056K, used 17391K [0x00000000a0000000, 0x00000000a2c00000, 0x00000000e0000000)
  object space 45056K, 38% used [0x00000000a0000000,0x00000000a10fbe38,0x00000000a2c00000)
 Metaspace       used 37351K, capacity 38014K, committed 38360K, reserved 1083392K
  class space    used 5067K, capacity 5276K, committed 5376K, reserved 1048576K
GC Heap History (10 events):
Event: 7.221 GC heap before
{Heap before GC invocations=7 (full 1):
 PSYoungGen      total 57856K, used 5187K [0x00000000e0000000, 0x00000000e4200000, 0x0000000100000000)
  eden space 49152K, 0% used [0x00000000e0000000,0x00000000e0000000,0x00000000e3000000)
  from space 8704K, 59% used [0x00000000e3980000,0x00000000e3e90e80,0x00000000e4200000)
  to   space 9216K, 0% used [0x00000000e3000000,0x00000000e3000000,0x00000000e3900000)
 ParOldGen       total 65536K, used 8888K [0x00000000a0000000, 0x00000000a4000000, 0x00000000e0000000)
  object space 65536K, 13% used [0x00000000a0000000,0x00000000a08ae1b0,0x00000000a4000000)
 Metaspace       used 20801K, capacity 21130K, committed 21248K, reserved 1067008K
  class space    used 2857K, capacity 3012K, committed 3072K, reserved 1048576K
Event: 7.279 GC heap after
Heap after GC invocations=7 (full 1):
 PSYoungGen      total 57856K, used 0K [0x00000000e0000000, 0x00000000e4200000, 0x0000000100000000)
  eden space 49152K, 0% used [0x00000000e0000000,0x00000000e0000000,0x00000000e3000000)
  from space 8704K, 0% used [0x00000000e3980000,0x00000000e3980000,0x00000000e4200000)
  to   space 9216K, 0% used [0x00000000e3000000,0x00000000e3000000,0x00000000e3900000)
 ParOldGen       total 45056K, used 7324K [0x00000000a0000000, 0x00000000a2c00000, 0x00000000e0000000)
  object space 45056K, 16% used [0x00000000a0000000,0x00000000a0727188,0x00000000a2c00000)
 Metaspace       used 20801K, capacity 21130K, committed 21248K, reserved 1067008K
  class space    used 2857K, capacity 3012K, committed 3072K, reserved 1048576K
}
Event: 9.407 GC heap before
{Heap before GC invocations=8 (full 1):
 PSYoungGen      total 57856K, used 49152K [0x00000000e0000000, 0x00000000e4200000, 0x0000000100000000)
  eden space 49152K, 100% used [0x00000000e0000000,0x00000000e3000000,0x00000000e3000000)
  from space 8704K, 0% used [0x00000000e3980000,0x00000000e3980000,0x00000000e4200000)
  to   space 9216K, 0% used [0x00000000e3000000,0x00000000e3000000,0x00000000e3900000)
 ParOldGen       total 45056K, used 7324K [0x00000000a0000000, 0x00000000a2c00000, 0x00000000e0000000)
  object space 45056K, 16% used [0x00000000a0000000,0x00000000a0727188,0x00000000a2c00000)
 Metaspace       used 25337K, capacity 25698K, committed 25856K, reserved 1071104K
  class space    used 3420K, capacity 3575K, committed 3584K, reserved 1048576K
Event: 9.419 GC heap after
Heap after GC invocations=8 (full 1):
 PSYoungGen      total 58368K, used 5331K [0x00000000e0000000, 0x00000000e6000000, 0x0000000100000000)
  eden space 49152K, 0% used [0x00000000e0000000,0x00000000e0000000,0x00000000e3000000)
  from space 9216K, 57% used [0x00000000e3000000,0x00000000e3534db8,0x00000000e3900000)
  to   space 8704K, 0% used [0x00000000e5780000,0x00000000e5780000,0x00000000e6000000)
 ParOldGen       total 45056K, used 7332K [0x00000000a0000000, 0x00000000a2c00000, 0x00000000e0000000)
  object space 45056K, 16% used [0x00000000a0000000,0x00000000a0729188,0x00000000a2c00000)
 Metaspace       used 25337K, capacity 25698K, committed 25856K, reserved 1071104K
  class space    used 3420K, capacity 3575K, committed 3584K, reserved 1048576K
}
Event: 11.143 GC heap before
{Heap before GC invocations=9 (full 1):
 PSYoungGen      total 58368K, used 54483K [0x00000000e0000000, 0x00000000e6000000, 0x0000000100000000)
  eden space 49152K, 100% used [0x00000000e0000000,0x00000000e3000000,0x00000000e3000000)
  from space 9216K, 57% used [0x00000000e3000000,0x00000000e3534db8,0x00000000e3900000)
  to   space 8704K, 0% used [0x00000000e5780000,0x00000000e5780000,0x00000000e6000000)
 ParOldGen       total 45056K, used 7332K [0x00000000a0000000, 0x00000000a2c00000, 0x00000000e0000000)
  object space 45056K, 16% used [0x00000000a0000000,0x00000000a0729188,0x00000000a2c00000)
 Metaspace       used 28147K, capacity 28430K, committed 28672K, reserved 1073152K
  class space    used 3889K, capacity 3994K, committed 4096K, reserved 1048576K
Event: 11.157 GC heap after
Heap after GC invocations=9 (full 1):
 PSYoungGen      total 86528K, used 6762K [0x00000000e0000000, 0x00000000e5e80000, 0x0000000100000000)
  eden space 79360K, 0% used [0x00000000e0000000,0x00000000e0000000,0x00000000e4d80000)
  from space 7168K, 94% used [0x00000000e5780000,0x00000000e5e1aba8,0x00000000e5e80000)
  to   space 8704K, 0% used [0x00000000e4d80000,0x00000000e4d80000,0x00000000e5600000)
 ParOldGen       total 45056K, used 7340K [0x00000000a0000000, 0x00000000a2c00000, 0x00000000e0000000)
  object space 45056K, 16% used [0x00000000a0000000,0x00000000a072b188,0x00000000a2c00000)
 Metaspace       used 28147K, capacity 28430K, committed 28672K, reserved 1073152K
  class space    used 3889K, capacity 3994K, committed 4096K, reserved 1048576K
}
Event: 13.737 GC heap before
{Heap before GC invocations=10 (full 1):
 PSYoungGen      total 86528K, used 63691K [0x00000000e0000000, 0x00000000e5e80000, 0x0000000100000000)
  eden space 79360K, 71% used [0x00000000e0000000,0x00000000e3798418,0x00000000e4d80000)
  from space 7168K, 94% used [0x00000000e5780000,0x00000000e5e1aba8,0x00000000e5e80000)
  to   space 8704K, 0% used [0x00000000e4d80000,0x00000000e4d80000,0x00000000e5600000)
 ParOldGen       total 45056K, used 7340K [0x00000000a0000000, 0x00000000a2c00000, 0x00000000e0000000)
  object space 45056K, 16% used [0x00000000a0000000,0x00000000a072b188,0x00000000a2c00000)
 Metaspace       used 34796K, capacity 35396K, committed 35416K, reserved 1079296K
  class space    used 4749K, capacity 4983K, committed 4992K, reserved 1048576K
Event: 13.752 GC heap after
Heap after GC invocations=10 (full 1):
 PSYoungGen      total 88064K, used 8681K [0x00000000e0000000, 0x00000000e7d80000, 0x0000000100000000)
  eden space 79360K, 0% used [0x00000000e0000000,0x00000000e0000000,0x00000000e4d80000)
  from space 8704K, 99% used [0x00000000e4d80000,0x00000000e55fa798,0x00000000e5600000)
  to   space 10752K, 0% used [0x00000000e7300000,0x00000000e7300000,0x00000000e7d80000)
 ParOldGen       total 45056K, used 9615K [0x00000000a0000000, 0x00000000a2c00000, 0x00000000e0000000)
  object space 45056K, 21% used [0x00000000a0000000,0x00000000a0963ce0,0x00000000a2c00000)
 Metaspace       used 34796K, capacity 35396K, committed 35416K, reserved 1079296K
  class space    used 4749K, capacity 4983K, committed 4992K, reserved 1048576K
}
Event: 13.752 GC heap before
{Heap before GC invocations=11 (full 2):
 PSYoungGen      total 88064K, used 8681K [0x00000000e0000000, 0x00000000e7d80000, 0x0000000100000000)
  eden space 79360K, 0% used [0x00000000e0000000,0x00000000e0000000,0x00000000e4d80000)
  from space 8704K, 99% used [0x00000000e4d80000,0x00000000e55fa798,0x00000000e5600000)
  to   space 10752K, 0% used [0x00000000e7300000,0x00000000e7300000,0x00000000e7d80000)
 ParOldGen       total 45056K, used 9615K [0x00000000a0000000, 0x00000000a2c00000, 0x00000000e0000000)
  object space 45056K, 21% used [0x00000000a0000000,0x00000000a0963ce0,0x00000000a2c00000)
 Metaspace       used 34796K, capacity 35396K, committed 35416K, reserved 1079296K
  class space    used 4749K, capacity 4983K, committed 4992K, reserved 1048576K
Event: 13.829 GC heap after
Heap after GC invocations=11 (full 2):
 PSYoungGen      total 88064K, used 0K [0x00000000e0000000, 0x00000000e7d80000, 0x0000000100000000)
  eden space 79360K, 0% used [0x00000000e0000000,0x00000000e0000000,0x00000000e4d80000)
  from space 8704K, 0% used [0x00000000e4d80000,0x00000000e4d80000,0x00000000e5600000)
  to   space 10752K, 0% used [0x00000000e7300000,0x00000000e7300000,0x00000000e7d80000)
 ParOldGen       total 45056K, used 17391K [0x00000000a0000000, 0x00000000a2c00000, 0x00000000e0000000)
  object space 45056K, 38% used [0x00000000a0000000,0x00000000a10fbe38,0x00000000a2c00000)
 Metaspace       used 34796K, capacity 35396K, committed 35416K, reserved 1079296K
  class space    used 4749K, capacity 4983K, committed 4992K, reserved 1048576K
}

