# JRE version: OpenJDK Runtime Environment (8.0_152-b02) (build 1.8.0_152-release-1024-b02)
# Java VM: OpenJDK 64-Bit Server VM (25.152-b02 mixed mode windows-amd64 compressed oops)
Heap:
 PSYoungGen      total 50176K, used 20169K [0x00000000e0000000, 0x00000000e3a00000, 0x0000000100000000)
  eden space 40960K, 35% used [0x00000000e0000000,0x00000000e0e15238,0x00000000e2800000)
  from space 9216K, 62% used [0x00000000e2800000,0x00000000e2d9d3a0,0x00000000e3100000)
  to   space 8192K, 0% used [0x00000000e3200000,0x00000000e3200000,0x00000000e3a00000)
 ParOldGen       total 45056K, used 7429K [0x00000000a0000000, 0x00000000a2c00000, 0x00000000e0000000)
  object space 45056K, 16% used [0x00000000a0000000,0x00000000a0741498,0x00000000a2c00000)
 Metaspace       used 28452K, capacity 28798K, committed 28928K, reserved 1075200K
  class space    used 3933K, capacity 4058K, committed 4096K, reserved 1048576K
GC Heap History (10 events):
Event: 14.528 GC heap before
{Heap before GC invocations=6 (full 0):
 PSYoungGen      total 28160K, used 11600K [0x00000000e0000000, 0x00000000e2a80000, 0x0000000100000000)
  eden space 24064K, 31% used [0x00000000e0000000,0x00000000e075c300,0x00000000e1780000)
  from space 4096K, 99% used [0x00000000e1800000,0x00000000e1bf8020,0x00000000e1c00000)
  to   space 9728K, 0% used [0x00000000e2100000,0x00000000e2100000,0x00000000e2a80000)
 ParOldGen       total 65536K, used 8907K [0x00000000a0000000, 0x00000000a4000000, 0x00000000e0000000)
  object space 65536K, 13% used [0x00000000a0000000,0x00000000a08b2c68,0x00000000a4000000)
 Metaspace       used 20874K, capacity 21178K, committed 21248K, reserved 1067008K
  class space    used 2866K, capacity 3012K, committed 3072K, reserved 1048576K
Event: 14.574 GC heap after
Heap after GC invocations=6 (full 0):
 PSYoungGen      total 34304K, used 5272K [0x00000000e0000000, 0x00000000e4100000, 0x0000000100000000)
  eden space 24576K, 0% used [0x00000000e0000000,0x00000000e0000000,0x00000000e1800000)
  from space 9728K, 54% used [0x00000000e2100000,0x00000000e26260a8,0x00000000e2a80000)
  to   space 9216K, 0% used [0x00000000e1800000,0x00000000e1800000,0x00000000e2100000)
 ParOldGen       total 65536K, used 8915K [0x00000000a0000000, 0x00000000a4000000, 0x00000000e0000000)
  object space 65536K, 13% used [0x00000000a0000000,0x00000000a08b4c68,0x00000000a4000000)
 Metaspace       used 20874K, capacity 21178K, committed 21248K, reserved 1067008K
  class space    used 2866K, capacity 3012K, committed 3072K, reserved 1048576K
}
Event: 14.574 GC heap before
{Heap before GC invocations=7 (full 1):
 PSYoungGen      total 34304K, used 5272K [0x00000000e0000000, 0x00000000e4100000, 0x0000000100000000)
  eden space 24576K, 0% used [0x00000000e0000000,0x00000000e0000000,0x00000000e1800000)
  from space 9728K, 54% used [0x00000000e2100000,0x00000000e26260a8,0x00000000e2a80000)
  to   space 9216K, 0% used [0x00000000e1800000,0x00000000e1800000,0x00000000e2100000)
 ParOldGen       total 65536K, used 8915K [0x00000000a0000000, 0x00000000a4000000, 0x00000000e0000000)
  object space 65536K, 13% used [0x00000000a0000000,0x00000000a08b4c68,0x00000000a4000000)
 Metaspace       used 20874K, capacity 21178K, committed 21248K, reserved 1067008K
  class space    used 2866K, capacity 3012K, committed 3072K, reserved 1048576K
Event: 14.684 GC heap after
Heap after GC invocations=7 (full 1):
 PSYoungGen      total 34304K, used 0K [0x00000000e0000000, 0x00000000e4100000, 0x0000000100000000)
  eden space 24576K, 0% used [0x00000000e0000000,0x00000000e0000000,0x00000000e1800000)
  from space 9728K, 0% used [0x00000000e2100000,0x00000000e2100000,0x00000000e2a80000)
  to   space 9216K, 0% used [0x00000000e1800000,0x00000000e1800000,0x00000000e2100000)
 ParOldGen       total 45056K, used 7421K [0x00000000a0000000, 0x00000000a2c00000, 0x00000000e0000000)
  object space 45056K, 16% used [0x00000000a0000000,0x00000000a073f498,0x00000000a2c00000)
 Metaspace       used 20874K, capacity 21178K, committed 21248K, reserved 1067008K
  class space    used 2866K, capacity 3012K, committed 3072K, reserved 1048576K
}
Event: 15.979 GC heap before
{Heap before GC invocations=8 (full 1):
 PSYoungGen      total 34304K, used 24576K [0x00000000e0000000, 0x00000000e4100000, 0x0000000100000000)
  eden space 24576K, 100% used [0x00000000e0000000,0x00000000e1800000,0x00000000e1800000)
  from space 9728K, 0% used [0x00000000e2100000,0x00000000e2100000,0x00000000e2a80000)
  to   space 9216K, 0% used [0x00000000e1800000,0x00000000e1800000,0x00000000e2100000)
 ParOldGen       total 45056K, used 7421K [0x00000000a0000000, 0x00000000a2c00000, 0x00000000e0000000)
  object space 45056K, 16% used [0x00000000a0000000,0x00000000a073f498,0x00000000a2c00000)
 Metaspace       used 23173K, capacity 23482K, committed 23808K, reserved 1069056K
  class space    used 3129K, capacity 3247K, committed 3328K, reserved 1048576K
Event: 16.005 GC heap after
Heap after GC invocations=8 (full 1):
 PSYoungGen      total 33792K, used 2919K [0x00000000e0000000, 0x00000000e3b00000, 0x0000000100000000)
  eden space 24576K, 0% used [0x00000000e0000000,0x00000000e0000000,0x00000000e1800000)
  from space 9216K, 31% used [0x00000000e1800000,0x00000000e1ad9c30,0x00000000e2100000)
  to   space 9216K, 0% used [0x00000000e3200000,0x00000000e3200000,0x00000000e3b00000)
 ParOldGen       total 45056K, used 7429K [0x00000000a0000000, 0x00000000a2c00000, 0x00000000e0000000)
  object space 45056K, 16% used [0x00000000a0000000,0x00000000a0741498,0x00000000a2c00000)
 Metaspace       used 23173K, capacity 23482K, committed 23808K, reserved 1069056K
  class space    used 3129K, capacity 3247K, committed 3328K, reserved 1048576K
}
Event: 16.574 GC heap before
{Heap before GC invocations=9 (full 1):
 PSYoungGen      total 33792K, used 27495K [0x00000000e0000000, 0x00000000e3b00000, 0x0000000100000000)
  eden space 24576K, 100% used [0x00000000e0000000,0x00000000e1800000,0x00000000e1800000)
  from space 9216K, 31% used [0x00000000e1800000,0x00000000e1ad9c30,0x00000000e2100000)
  to   space 9216K, 0% used [0x00000000e3200000,0x00000000e3200000,0x00000000e3b00000)
 ParOldGen       total 45056K, used 7429K [0x00000000a0000000, 0x00000000a2c00000, 0x00000000e0000000)
  object space 45056K, 16% used [0x00000000a0000000,0x00000000a0741498,0x00000000a2c00000)
 Metaspace       used 25514K, capacity 25880K, committed 26112K, reserved 1071104K
  class space    used 3432K, capacity 3576K, committed 3584K, reserved 1048576K
Event: 16.579 GC heap after
Heap after GC invocations=9 (full 1):
 PSYoungGen      total 49152K, used 3821K [0x00000000e0000000, 0x00000000e3a00000, 0x0000000100000000)
  eden space 40960K, 0% used [0x00000000e0000000,0x00000000e0000000,0x00000000e2800000)
  from space 8192K, 46% used [0x00000000e3200000,0x00000000e35bb4a8,0x00000000e3a00000)
  to   space 9216K, 0% used [0x00000000e2800000,0x00000000e2800000,0x00000000e3100000)
 ParOldGen       total 45056K, used 7429K [0x00000000a0000000, 0x00000000a2c00000, 0x00000000e0000000)
  object space 45056K, 16% used [0x00000000a0000000,0x00000000a0741498,0x00000000a2c00000)
 Metaspace       used 25514K, capacity 25880K, committed 26112K, reserved 1071104K
  class space    used 3432K, capacity 3576K, committed 3584K, reserved 1048576K
}
Event: 18.192 GC heap before
{Heap before GC invocations=10 (full 1):
 PSYoungGen      total 49152K, used 44781K [0x00000000e0000000, 0x00000000e3a00000, 0x0000000100000000)
  eden space 40960K, 100% used [0x00000000e0000000,0x00000000e2800000,0x00000000e2800000)
  from space 8192K, 46% used [0x00000000e3200000,0x00000000e35bb4a8,0x00000000e3a00000)
  to   space 9216K, 0% used [0x00000000e2800000,0x00000000e2800000,0x00000000e3100000)
 ParOldGen       total 45056K, used 7429K [0x00000000a0000000, 0x00000000a2c00000, 0x00000000e0000000)
  object space 45056K, 16% used [0x00000000a0000000,0x00000000a0741498,0x00000000a2c00000)
 Metaspace       used 27815K, capacity 28126K, committed 28288K, reserved 1073152K
  class space    used 3850K, capacity 3962K, committed 3968K, reserved 1048576K
Event: 18.200 GC heap after
Heap after GC invocations=10 (full 1):
 PSYoungGen      total 50176K, used 5748K [0x00000000e0000000, 0x00000000e3a00000, 0x0000000100000000)
  eden space 40960K, 0% used [0x00000000e0000000,0x00000000e0000000,0x00000000e2800000)
  from space 9216K, 62% used [0x00000000e2800000,0x00000000e2d9d3a0,0x00000000e3100000)
  to   space 8192K, 0% used [0x00000000e3200000,0x00000000e3200000,0x00000000e3a00000)
 ParOldGen       total 45056K, used 7429K [0x00000000a0000000, 0x00000000a2c00000, 0x00000000e0000000)
  object space 45056K, 16% used [0x00000000a0000000,0x00000000a0741498,0x00000000a2c00000)
 Metaspace       used 27815K, capacity 28126K, committed 28288K, reserved 1073152K
  class space    used 3850K, capacity 3962K, committed 3968K, reserved 1048576K
}

