# JRE version: OpenJDK Runtime Environment (8.0_152-b02) (build 1.8.0_152-release-1024-b02)
# Java VM: OpenJDK 64-Bit Server VM (25.152-b02 mixed mode windows-amd64 compressed oops)
Heap:
 PSYoungGen      total 106496K, used 96086K [0x00000000e0000000, 0x00000000e7580000, 0x0000000100000000)
  eden space 98816K, 89% used [0x00000000e0000000,0x00000000e565a190,0x00000000e6080000)
  from space 7680K, 99% used [0x00000000e6e00000,0x00000000e757b760,0x00000000e7580000)
  to   space 10752K, 0% used [0x00000000e6080000,0x00000000e6080000,0x00000000e6b00000)
 ParOldGen       total 74240K, used 17293K [0x00000000a0000000, 0x00000000a4880000, 0x00000000e0000000)
  object space 74240K, 23% used [0x00000000a0000000,0x00000000a10e3548,0x00000000a4880000)
 Metaspace       used 41898K, capacity 42998K, committed 43224K, reserved 1087488K
  class space    used 5745K, capacity 6109K, committed 6144K, reserved 1048576K
GC Heap History (10 events):
Event: 8.960 GC heap before
{Heap before GC invocations=8 (full 1):
 PSYoungGen      total 57856K, used 49152K [0x00000000e0000000, 0x00000000e4200000, 0x0000000100000000)
  eden space 49152K, 100% used [0x00000000e0000000,0x00000000e3000000,0x00000000e3000000)
  from space 8704K, 0% used [0x00000000e3980000,0x00000000e3980000,0x00000000e4200000)
  to   space 9216K, 0% used [0x00000000e3000000,0x00000000e3000000,0x00000000e3900000)
 ParOldGen       total 48128K, used 8478K [0x00000000a0000000, 0x00000000a2f00000, 0x00000000e0000000)
  object space 48128K, 17% used [0x00000000a0000000,0x00000000a08479c8,0x00000000a2f00000)
 Metaspace       used 25659K, capacity 25986K, committed 26240K, reserved 1071104K
  class space    used 3465K, capacity 3607K, committed 3712K, reserved 1048576K
Event: 8.971 GC heap after
Heap after GC invocations=8 (full 1):
 PSYoungGen      total 58368K, used 5744K [0x00000000e0000000, 0x00000000e5d80000, 0x0000000100000000)
  eden space 49152K, 0% used [0x00000000e0000000,0x00000000e0000000,0x00000000e3000000)
  from space 9216K, 62% used [0x00000000e3000000,0x00000000e359c3f8,0x00000000e3900000)
  to   space 9216K, 0% used [0x00000000e5480000,0x00000000e5480000,0x00000000e5d80000)
 ParOldGen       total 48128K, used 8478K [0x00000000a0000000, 0x00000000a2f00000, 0x00000000e0000000)
  object space 48128K, 17% used [0x00000000a0000000,0x00000000a08479c8,0x00000000a2f00000)
 Metaspace       used 25659K, capacity 25986K, committed 26240K, reserved 1071104K
  class space    used 3465K, capacity 3607K, committed 3712K, reserved 1048576K
}
Event: 10.376 GC heap before
{Heap before GC invocations=9 (full 1):
 PSYoungGen      total 58368K, used 54896K [0x00000000e0000000, 0x00000000e5d80000, 0x0000000100000000)
  eden space 49152K, 100% used [0x00000000e0000000,0x00000000e3000000,0x00000000e3000000)
  from space 9216K, 62% used [0x00000000e3000000,0x00000000e359c3f8,0x00000000e3900000)
  to   space 9216K, 0% used [0x00000000e5480000,0x00000000e5480000,0x00000000e5d80000)
 ParOldGen       total 48128K, used 8478K [0x00000000a0000000, 0x00000000a2f00000, 0x00000000e0000000)
  object space 48128K, 17% used [0x00000000a0000000,0x00000000a08479c8,0x00000000a2f00000)
 Metaspace       used 28335K, capacity 28654K, committed 28928K, reserved 1075200K
  class space    used 3917K, capacity 4026K, committed 4096K, reserved 1048576K
Event: 10.391 GC heap after
Heap after GC invocations=9 (full 1):
 PSYoungGen      total 85504K, used 6581K [0x00000000e0000000, 0x00000000e5d00000, 0x0000000100000000)
  eden space 76800K, 0% used [0x00000000e0000000,0x00000000e0000000,0x00000000e4b00000)
  from space 8704K, 75% used [0x00000000e5480000,0x00000000e5aed510,0x00000000e5d00000)
  to   space 9216K, 0% used [0x00000000e4b00000,0x00000000e4b00000,0x00000000e5400000)
 ParOldGen       total 48128K, used 8486K [0x00000000a0000000, 0x00000000a2f00000, 0x00000000e0000000)
  object space 48128K, 17% used [0x00000000a0000000,0x00000000a08499c8,0x00000000a2f00000)
 Metaspace       used 28335K, capacity 28654K, committed 28928K, reserved 1075200K
  class space    used 3917K, capacity 4026K, committed 4096K, reserved 1048576K
}
Event: 12.058 GC heap before
{Heap before GC invocations=10 (full 1):
 PSYoungGen      total 85504K, used 60849K [0x00000000e0000000, 0x00000000e5d00000, 0x0000000100000000)
  eden space 76800K, 70% used [0x00000000e0000000,0x00000000e34ff088,0x00000000e4b00000)
  from space 8704K, 75% used [0x00000000e5480000,0x00000000e5aed510,0x00000000e5d00000)
  to   space 9216K, 0% used [0x00000000e4b00000,0x00000000e4b00000,0x00000000e5400000)
 ParOldGen       total 48128K, used 8486K [0x00000000a0000000, 0x00000000a2f00000, 0x00000000e0000000)
  object space 48128K, 17% used [0x00000000a0000000,0x00000000a08499c8,0x00000000a2f00000)
 Metaspace       used 34784K, capacity 35364K, committed 35416K, reserved 1079296K
  class space    used 4739K, capacity 4951K, committed 4992K, reserved 1048576K
Event: 12.072 GC heap after
Heap after GC invocations=10 (full 1):
 PSYoungGen      total 86016K, used 9195K [0x00000000e0000000, 0x00000000e7880000, 0x0000000100000000)
  eden space 76800K, 0% used [0x00000000e0000000,0x00000000e0000000,0x00000000e4b00000)
  from space 9216K, 99% used [0x00000000e4b00000,0x00000000e53fac58,0x00000000e5400000)
  to   space 10752K, 0% used [0x00000000e6e00000,0x00000000e6e00000,0x00000000e7880000)
 ParOldGen       total 48128K, used 10075K [0x00000000a0000000, 0x00000000a2f00000, 0x00000000e0000000)
  object space 48128K, 20% used [0x00000000a0000000,0x00000000a09d6fc8,0x00000000a2f00000)
 Metaspace       used 34784K, capacity 35364K, committed 35416K, reserved 1079296K
  class space    used 4739K, capacity 4951K, committed 4992K, reserved 1048576K
}
Event: 12.072 GC heap before
{Heap before GC invocations=11 (full 2):
 PSYoungGen      total 86016K, used 9195K [0x00000000e0000000, 0x00000000e7880000, 0x0000000100000000)
  eden space 76800K, 0% used [0x00000000e0000000,0x00000000e0000000,0x00000000e4b00000)
  from space 9216K, 99% used [0x00000000e4b00000,0x00000000e53fac58,0x00000000e5400000)
  to   space 10752K, 0% used [0x00000000e6e00000,0x00000000e6e00000,0x00000000e7880000)
 ParOldGen       total 48128K, used 10075K [0x00000000a0000000, 0x00000000a2f00000, 0x00000000e0000000)
  object space 48128K, 20% used [0x00000000a0000000,0x00000000a09d6fc8,0x00000000a2f00000)
 Metaspace       used 34784K, capacity 35364K, committed 35416K, reserved 1079296K
  class space    used 4739K, capacity 4951K, committed 4992K, reserved 1048576K
Event: 12.143 GC heap after
Heap after GC invocations=11 (full 2):
 PSYoungGen      total 86016K, used 0K [0x00000000e0000000, 0x00000000e7880000, 0x0000000100000000)
  eden space 76800K, 0% used [0x00000000e0000000,0x00000000e0000000,0x00000000e4b00000)
  from space 9216K, 0% used [0x00000000e4b00000,0x00000000e4b00000,0x00000000e5400000)
  to   space 10752K, 0% used [0x00000000e6e00000,0x00000000e6e00000,0x00000000e7880000)
 ParOldGen       total 74240K, used 17285K [0x00000000a0000000, 0x00000000a4880000, 0x00000000e0000000)
  object space 74240K, 23% used [0x00000000a0000000,0x00000000a10e1548,0x00000000a4880000)
 Metaspace       used 34784K, capacity 35364K, committed 35416K, reserved 1079296K
  class space    used 4739K, capacity 4951K, committed 4992K, reserved 1048576K
}
Event: 13.816 GC heap before
{Heap before GC invocations=12 (full 2):
 PSYoungGen      total 86016K, used 76800K [0x00000000e0000000, 0x00000000e7880000, 0x0000000100000000)
  eden space 76800K, 100% used [0x00000000e0000000,0x00000000e4b00000,0x00000000e4b00000)
  from space 9216K, 0% used [0x00000000e4b00000,0x00000000e4b00000,0x00000000e5400000)
  to   space 10752K, 0% used [0x00000000e6e00000,0x00000000e6e00000,0x00000000e7880000)
 ParOldGen       total 74240K, used 17285K [0x00000000a0000000, 0x00000000a4880000, 0x00000000e0000000)
  object space 74240K, 23% used [0x00000000a0000000,0x00000000a10e1548,0x00000000a4880000)
 Metaspace       used 38662K, capacity 39270K, committed 39512K, reserved 1083392K
  class space    used 5194K, capacity 5428K, committed 5504K, reserved 1048576K
Event: 13.832 GC heap after
Heap after GC invocations=12 (full 2):
 PSYoungGen      total 106496K, used 7661K [0x00000000e0000000, 0x00000000e7580000, 0x0000000100000000)
  eden space 98816K, 0% used [0x00000000e0000000,0x00000000e0000000,0x00000000e6080000)
  from space 7680K, 99% used [0x00000000e6e00000,0x00000000e757b760,0x00000000e7580000)
  to   space 10752K, 0% used [0x00000000e6080000,0x00000000e6080000,0x00000000e6b00000)
 ParOldGen       total 74240K, used 17293K [0x00000000a0000000, 0x00000000a4880000, 0x00000000e0000000)
  object space 74240K, 23% used [0x00000000a0000000,0x00000000a10e3548,0x00000000a4880000)
 Metaspace       used 38662K, capacity 39270K, committed 39512K, reserved 1083392K
  class space    used 5194K, capacity 5428K, committed 5504K, reserved 1048576K
}

